C:\USERS\ROBERT\DESKTOP\LABCODE\PHYSICALHUMAN\VS2012\OBJ\HUMANWINDOW_DEBUG\PHW_VIEWER.OBJ
C:\USERS\ROBERT\DESKTOP\LABCODE\PHYSICALHUMAN\VS2012\OBJ\HUMANWINDOW_DEBUG\PHW_WINDOW.OBJ
C:\USERS\ROBERT\DESKTOP\LABCODE\PHYSICALHUMAN\VS2012\OBJ\HUMANWINDOW_DEBUG\PHW_NODE_VIEWER.OBJ
C:\USERS\ROBERT\DESKTOP\LABCODE\PHYSICALHUMAN\VS2012\OBJ\HUMANWINDOW_DEBUG\PHW_GRAPH_VIEWER.OBJ
C:\USERS\ROBERT\DESKTOP\LABCODE\PHYSICALHUMAN\VS2012\OBJ\HUMANWINDOW_DEBUG\PHW_EVENTS.OBJ
C:\USERS\ROBERT\DESKTOP\LABCODE\PHYSICALHUMAN\VS2012\OBJ\HUMANWINDOW_DEBUG\PHW_WINDOW_FLUID.OBJ
C:\USERS\ROBERT\DESKTOP\LABCODE\PHYSICALHUMAN\VS2012\OBJ\HUMANWINDOW_DEBUG\VC110.PDB
C:\USERS\ROBERT\DESKTOP\LABCODE\PHYSICALHUMAN\VS2012\OBJ\HUMANWINDOW_DEBUG\HUMANWINDOW-DBG.LIB
C:\Users\Robert\Desktop\labcode\physicalhuman\vs2012\obj\HumanWindow_Debug\phw_events.obj
C:\Users\Robert\Desktop\labcode\physicalhuman\vs2012\obj\HumanWindow_Debug\phw_graph_viewer.obj
C:\Users\Robert\Desktop\labcode\physicalhuman\vs2012\obj\HumanWindow_Debug\phw_node_viewer.obj
C:\Users\Robert\Desktop\labcode\physicalhuman\vs2012\obj\HumanWindow_Debug\phw_viewer.obj
C:\Users\Robert\Desktop\labcode\physicalhuman\vs2012\obj\HumanWindow_Debug\phw_window.obj
C:\Users\Robert\Desktop\labcode\physicalhuman\vs2012\obj\HumanWindow_Debug\phw_window_fluid.obj
C:\Users\Robert\Desktop\labcode\physicalhuman\vs2012\obj\HumanWindow_Debug\cl.command.1.tlog
C:\Users\Robert\Desktop\labcode\physicalhuman\vs2012\obj\HumanWindow_Debug\CL.read.1.tlog
C:\Users\Robert\Desktop\labcode\physicalhuman\vs2012\obj\HumanWindow_Debug\CL.write.1.tlog
C:\Users\Robert\Desktop\labcode\physicalhuman\vs2012\obj\HumanWindow_Debug\Lib-link.read.1.tlog
C:\Users\Robert\Desktop\labcode\physicalhuman\vs2012\obj\HumanWindow_Debug\Lib-link.write.1.tlog
C:\Users\Robert\Desktop\labcode\physicalhuman\vs2012\obj\HumanWindow_Debug\lib.command.1.tlog
C:\Users\Robert\Desktop\labcode\physicalhuman\vs2012\obj\HumanWindow_Debug\vc110.idb
C:\Users\Robert\Desktop\labcode\physicalhuman\vs2012\obj\HumanWindow_Debug\vc110.pdb
C:\Users\Robert\Desktop\labcode\physicalhuman\vs2012\obj\HumanWindow_Debug\HumanWindow-dbg.lib
