C:\USERS\ROBERT\DESKTOP\LABCODE\PHYSICALHUMAN\VS2012\OBJ\PHYSICS_DEBUG\ODE_WORLD.OBJ
C:\USERS\ROBERT\DESKTOP\LABCODE\PHYSICALHUMAN\VS2012\OBJ\PHYSICS_DEBUG\ODE_SPRING.OBJ
C:\USERS\ROBERT\DESKTOP\LABCODE\PHYSICALHUMAN\VS2012\OBJ\PHYSICS_DEBUG\ODE_SPHERE.OBJ
C:\USERS\ROBERT\DESKTOP\LABCODE\PHYSICALHUMAN\VS2012\OBJ\PHYSICS_DEBUG\ODE_OBJECT.OBJ
C:\USERS\ROBERT\DESKTOP\LABCODE\PHYSICALHUMAN\VS2012\OBJ\PHYSICS_DEBUG\ODE_MODEL.OBJ
C:\USERS\ROBERT\DESKTOP\LABCODE\PHYSICALHUMAN\VS2012\OBJ\PHYSICS_DEBUG\ODE_CONTACT.OBJ
C:\USERS\ROBERT\DESKTOP\LABCODE\PHYSICALHUMAN\VS2012\OBJ\PHYSICS_DEBUG\ODE_BOX.OBJ
C:\USERS\ROBERT\DESKTOP\LABCODE\PHYSICALHUMAN\VS2012\OBJ\PHYSICS_DEBUG\VC110.PDB
C:\USERS\ROBERT\DESKTOP\LABCODE\PHYSICALHUMAN\VS2012\OBJ\PHYSICS_DEBUG\PHYSICS-DBG.LIB
C:\Users\Robert\Desktop\labcode\physicalhuman\vs2012\obj\Physics_Debug\ode_box.obj
C:\Users\Robert\Desktop\labcode\physicalhuman\vs2012\obj\Physics_Debug\ode_contact.obj
C:\Users\Robert\Desktop\labcode\physicalhuman\vs2012\obj\Physics_Debug\ode_model.obj
C:\Users\Robert\Desktop\labcode\physicalhuman\vs2012\obj\Physics_Debug\ode_object.obj
C:\Users\Robert\Desktop\labcode\physicalhuman\vs2012\obj\Physics_Debug\ode_sphere.obj
C:\Users\Robert\Desktop\labcode\physicalhuman\vs2012\obj\Physics_Debug\ode_spring.obj
C:\Users\Robert\Desktop\labcode\physicalhuman\vs2012\obj\Physics_Debug\ode_world.obj
C:\Users\Robert\Desktop\labcode\physicalhuman\vs2012\obj\Physics_Debug\cl.command.1.tlog
C:\Users\Robert\Desktop\labcode\physicalhuman\vs2012\obj\Physics_Debug\CL.read.1.tlog
C:\Users\Robert\Desktop\labcode\physicalhuman\vs2012\obj\Physics_Debug\CL.write.1.tlog
C:\Users\Robert\Desktop\labcode\physicalhuman\vs2012\obj\Physics_Debug\Lib-link.read.1.tlog
C:\Users\Robert\Desktop\labcode\physicalhuman\vs2012\obj\Physics_Debug\Lib-link.write.1.tlog
C:\Users\Robert\Desktop\labcode\physicalhuman\vs2012\obj\Physics_Debug\lib.command.1.tlog
C:\Users\Robert\Desktop\labcode\physicalhuman\vs2012\obj\Physics_Debug\vc110.idb
C:\Users\Robert\Desktop\labcode\physicalhuman\vs2012\obj\Physics_Debug\vc110.pdb
C:\Users\Robert\Desktop\labcode\physicalhuman\vs2012\obj\Physics_Debug\Physics-dbg.lib
