C:\USERS\ROBERT\DESKTOP\LABCODE\PHYSICALHUMAN\VS2012\OBJ\HUMAN_DEBUG\PH_MOTION.OBJ
C:\USERS\ROBERT\DESKTOP\LABCODE\PHYSICALHUMAN\VS2012\OBJ\HUMAN_DEBUG\PH_MANIP.OBJ
C:\USERS\ROBERT\DESKTOP\LABCODE\PHYSICALHUMAN\VS2012\OBJ\HUMAN_DEBUG\PH_MANAGER.OBJ
C:\USERS\ROBERT\DESKTOP\LABCODE\PHYSICALHUMAN\VS2012\OBJ\HUMAN_DEBUG\PH_MANIP_FRAME.OBJ
C:\USERS\ROBERT\DESKTOP\LABCODE\PHYSICALHUMAN\VS2012\OBJ\HUMAN_DEBUG\PH_MOD_VIRTUAL.OBJ
C:\USERS\ROBERT\DESKTOP\LABCODE\PHYSICALHUMAN\VS2012\OBJ\HUMAN_DEBUG\PH_MOD_TEMPLATE.OBJ
C:\USERS\ROBERT\DESKTOP\LABCODE\PHYSICALHUMAN\VS2012\OBJ\HUMAN_DEBUG\PH_MOD_ROOT.OBJ
C:\USERS\ROBERT\DESKTOP\LABCODE\PHYSICALHUMAN\VS2012\OBJ\HUMAN_DEBUG\PH_MOD_REF.OBJ
C:\USERS\ROBERT\DESKTOP\LABCODE\PHYSICALHUMAN\VS2012\OBJ\HUMAN_DEBUG\PH_MOD_PUPPET.OBJ
C:\USERS\ROBERT\DESKTOP\LABCODE\PHYSICALHUMAN\VS2012\OBJ\HUMAN_DEBUG\PH_MOD_MANIP.OBJ
C:\USERS\ROBERT\DESKTOP\LABCODE\PHYSICALHUMAN\VS2012\OBJ\HUMAN_DEBUG\PH_MOD_IK.OBJ
C:\USERS\ROBERT\DESKTOP\LABCODE\PHYSICALHUMAN\VS2012\OBJ\HUMAN_DEBUG\PH_MOD_GRAVITY.OBJ
C:\USERS\ROBERT\DESKTOP\LABCODE\PHYSICALHUMAN\VS2012\OBJ\HUMAN_DEBUG\PH_MOD_CONTACT.OBJ
C:\USERS\ROBERT\DESKTOP\LABCODE\PHYSICALHUMAN\VS2012\OBJ\HUMAN_DEBUG\PH_MOD_COM.OBJ
C:\USERS\ROBERT\DESKTOP\LABCODE\PHYSICALHUMAN\VS2012\OBJ\HUMAN_DEBUG\PH_MOD_BALANCE.OBJ
C:\USERS\ROBERT\DESKTOP\LABCODE\PHYSICALHUMAN\VS2012\OBJ\HUMAN_DEBUG\PH_MOD.OBJ
C:\USERS\ROBERT\DESKTOP\LABCODE\PHYSICALHUMAN\VS2012\OBJ\HUMAN_DEBUG\PH_FILE_MANAGER.OBJ
C:\USERS\ROBERT\DESKTOP\LABCODE\PHYSICALHUMAN\VS2012\OBJ\HUMAN_DEBUG\PH_ENV_BUILDER.OBJ
C:\USERS\ROBERT\DESKTOP\LABCODE\PHYSICALHUMAN\VS2012\OBJ\HUMAN_DEBUG\PH_CONTROLLER.OBJ
C:\USERS\ROBERT\DESKTOP\LABCODE\PHYSICALHUMAN\VS2012\OBJ\HUMAN_DEBUG\PH_CHAR_BUILDER.OBJ
C:\USERS\ROBERT\DESKTOP\LABCODE\PHYSICALHUMAN\VS2012\OBJ\HUMAN_DEBUG\PH_TRAJECTORY_PLANNER.OBJ
C:\USERS\ROBERT\DESKTOP\LABCODE\PHYSICALHUMAN\VS2012\OBJ\HUMAN_DEBUG\PH_STATE_MANAGER.OBJ
C:\USERS\ROBERT\DESKTOP\LABCODE\PHYSICALHUMAN\VS2012\OBJ\HUMAN_DEBUG\PH_MOTION_SEGMENTER.OBJ
C:\USERS\ROBERT\DESKTOP\LABCODE\PHYSICALHUMAN\VS2012\OBJ\HUMAN_DEBUG\PH_MOTION_MANAGER_EDITING.OBJ
C:\USERS\ROBERT\DESKTOP\LABCODE\PHYSICALHUMAN\VS2012\OBJ\HUMAN_DEBUG\PH_MANIP_VIRTUAL.OBJ
C:\USERS\ROBERT\DESKTOP\LABCODE\PHYSICALHUMAN\VS2012\OBJ\HUMAN_DEBUG\PH_MANIP_PUPPET.OBJ
C:\USERS\ROBERT\DESKTOP\LABCODE\PHYSICALHUMAN\VS2012\OBJ\HUMAN_DEBUG\PH_JOINT.OBJ
C:\USERS\ROBERT\DESKTOP\LABCODE\PHYSICALHUMAN\VS2012\OBJ\HUMAN_DEBUG\PH_HUMAN_LOADER.OBJ
C:\USERS\ROBERT\DESKTOP\LABCODE\PHYSICALHUMAN\VS2012\OBJ\HUMAN_DEBUG\PH_HUMAN_GETTERS.OBJ
C:\USERS\ROBERT\DESKTOP\LABCODE\PHYSICALHUMAN\VS2012\OBJ\HUMAN_DEBUG\PH_HUMAN.OBJ
C:\USERS\ROBERT\DESKTOP\LABCODE\PHYSICALHUMAN\VS2012\OBJ\HUMAN_DEBUG\PH_MANIP_IK.OBJ
C:\USERS\ROBERT\DESKTOP\LABCODE\PHYSICALHUMAN\VS2012\OBJ\HUMAN_DEBUG\PH_MOTION_MANAGER.OBJ
C:\USERS\ROBERT\DESKTOP\LABCODE\PHYSICALHUMAN\VS2012\OBJ\HUMAN_DEBUG\VC110.PDB
C:\USERS\ROBERT\DESKTOP\LABCODE\PHYSICALHUMAN\VS2012\OBJ\HUMAN_DEBUG\HUMAN-DBG.LIB
C:\Users\Robert\Desktop\labcode\physicalhuman\vs2012\obj\Human_Debug\ph_char_builder.obj
C:\Users\Robert\Desktop\labcode\physicalhuman\vs2012\obj\Human_Debug\ph_controller.obj
C:\Users\Robert\Desktop\labcode\physicalhuman\vs2012\obj\Human_Debug\ph_env_builder.obj
C:\Users\Robert\Desktop\labcode\physicalhuman\vs2012\obj\Human_Debug\ph_file_manager.obj
C:\Users\Robert\Desktop\labcode\physicalhuman\vs2012\obj\Human_Debug\ph_human.obj
C:\Users\Robert\Desktop\labcode\physicalhuman\vs2012\obj\Human_Debug\ph_human_getters.obj
C:\Users\Robert\Desktop\labcode\physicalhuman\vs2012\obj\Human_Debug\ph_human_loader.obj
C:\Users\Robert\Desktop\labcode\physicalhuman\vs2012\obj\Human_Debug\ph_joint.obj
C:\Users\Robert\Desktop\labcode\physicalhuman\vs2012\obj\Human_Debug\ph_manager.obj
C:\Users\Robert\Desktop\labcode\physicalhuman\vs2012\obj\Human_Debug\ph_manip.obj
C:\Users\Robert\Desktop\labcode\physicalhuman\vs2012\obj\Human_Debug\ph_manip_frame.obj
C:\Users\Robert\Desktop\labcode\physicalhuman\vs2012\obj\Human_Debug\ph_manip_ik.obj
C:\Users\Robert\Desktop\labcode\physicalhuman\vs2012\obj\Human_Debug\ph_manip_puppet.obj
C:\Users\Robert\Desktop\labcode\physicalhuman\vs2012\obj\Human_Debug\ph_manip_virtual.obj
C:\Users\Robert\Desktop\labcode\physicalhuman\vs2012\obj\Human_Debug\ph_mod.obj
C:\Users\Robert\Desktop\labcode\physicalhuman\vs2012\obj\Human_Debug\ph_mod_balance.obj
C:\Users\Robert\Desktop\labcode\physicalhuman\vs2012\obj\Human_Debug\ph_mod_com.obj
C:\Users\Robert\Desktop\labcode\physicalhuman\vs2012\obj\Human_Debug\ph_mod_contact.obj
C:\Users\Robert\Desktop\labcode\physicalhuman\vs2012\obj\Human_Debug\ph_mod_gravity.obj
C:\Users\Robert\Desktop\labcode\physicalhuman\vs2012\obj\Human_Debug\ph_mod_ik.obj
C:\Users\Robert\Desktop\labcode\physicalhuman\vs2012\obj\Human_Debug\ph_mod_manip.obj
C:\Users\Robert\Desktop\labcode\physicalhuman\vs2012\obj\Human_Debug\ph_mod_puppet.obj
C:\Users\Robert\Desktop\labcode\physicalhuman\vs2012\obj\Human_Debug\ph_mod_ref.obj
C:\Users\Robert\Desktop\labcode\physicalhuman\vs2012\obj\Human_Debug\ph_mod_root.obj
C:\Users\Robert\Desktop\labcode\physicalhuman\vs2012\obj\Human_Debug\ph_mod_template.obj
C:\Users\Robert\Desktop\labcode\physicalhuman\vs2012\obj\Human_Debug\ph_mod_virtual.obj
C:\Users\Robert\Desktop\labcode\physicalhuman\vs2012\obj\Human_Debug\ph_motion.obj
C:\Users\Robert\Desktop\labcode\physicalhuman\vs2012\obj\Human_Debug\ph_motion_manager.obj
C:\Users\Robert\Desktop\labcode\physicalhuman\vs2012\obj\Human_Debug\ph_motion_manager_editing.obj
C:\Users\Robert\Desktop\labcode\physicalhuman\vs2012\obj\Human_Debug\ph_motion_segmenter.obj
C:\Users\Robert\Desktop\labcode\physicalhuman\vs2012\obj\Human_Debug\ph_state_manager.obj
C:\Users\Robert\Desktop\labcode\physicalhuman\vs2012\obj\Human_Debug\ph_trajectory_planner.obj
C:\Users\Robert\Desktop\labcode\physicalhuman\vs2012\obj\Human_Debug\cl.command.1.tlog
C:\Users\Robert\Desktop\labcode\physicalhuman\vs2012\obj\Human_Debug\CL.read.1.tlog
C:\Users\Robert\Desktop\labcode\physicalhuman\vs2012\obj\Human_Debug\CL.write.1.tlog
C:\Users\Robert\Desktop\labcode\physicalhuman\vs2012\obj\Human_Debug\Lib-link.read.1.tlog
C:\Users\Robert\Desktop\labcode\physicalhuman\vs2012\obj\Human_Debug\Lib-link.write.1.tlog
C:\Users\Robert\Desktop\labcode\physicalhuman\vs2012\obj\Human_Debug\lib.command.1.tlog
C:\Users\Robert\Desktop\labcode\physicalhuman\vs2012\obj\Human_Debug\vc110.idb
C:\Users\Robert\Desktop\labcode\physicalhuman\vs2012\obj\Human_Debug\vc110.pdb
C:\Users\Robert\Desktop\labcode\physicalhuman\vs2012\obj\Human_Debug\Human-dbg.lib
