C:\USERS\ROBERT\DESKTOP\LABCODE\PHYSICALHUMAN\VS2012\OBJ\UTILITIES_DEBUG\UTIL_SERIALIZABLE_EDITOR.OBJ
C:\USERS\ROBERT\DESKTOP\LABCODE\PHYSICALHUMAN\VS2012\OBJ\UTILITIES_DEBUG\UTIL_SERVER.OBJ
C:\USERS\ROBERT\DESKTOP\LABCODE\PHYSICALHUMAN\VS2012\OBJ\UTILITIES_DEBUG\UTIL.OBJ
C:\USERS\ROBERT\DESKTOP\LABCODE\PHYSICALHUMAN\VS2012\OBJ\UTILITIES_DEBUG\UTIL_SERIALIZABLE.OBJ
C:\USERS\ROBERT\DESKTOP\LABCODE\PHYSICALHUMAN\VS2012\OBJ\UTILITIES_DEBUG\UTIL_PARAMETER.OBJ
C:\USERS\ROBERT\DESKTOP\LABCODE\PHYSICALHUMAN\VS2012\OBJ\UTILITIES_DEBUG\UTIL_MOTION.OBJ
C:\USERS\ROBERT\DESKTOP\LABCODE\PHYSICALHUMAN\VS2012\OBJ\UTILITIES_DEBUG\UTIL_MANIPULATOR.OBJ
C:\USERS\ROBERT\DESKTOP\LABCODE\PHYSICALHUMAN\VS2012\OBJ\UTILITIES_DEBUG\UTIL_IMAGE_VIEWER.OBJ
C:\USERS\ROBERT\DESKTOP\LABCODE\PHYSICALHUMAN\VS2012\OBJ\UTILITIES_DEBUG\UTIL_FILE_MANAGER.OBJ
C:\USERS\ROBERT\DESKTOP\LABCODE\PHYSICALHUMAN\VS2012\OBJ\UTILITIES_DEBUG\UTIL_CHANNEL.OBJ
C:\USERS\ROBERT\DESKTOP\LABCODE\PHYSICALHUMAN\VS2012\OBJ\UTILITIES_DEBUG\UTIL_CHANNEL_TRAJ.OBJ
C:\USERS\ROBERT\DESKTOP\LABCODE\PHYSICALHUMAN\VS2012\OBJ\UTILITIES_DEBUG\M3DCONNEXION.OBJ
C:\USERS\ROBERT\DESKTOP\LABCODE\PHYSICALHUMAN\VS2012\OBJ\UTILITIES_DEBUG\UTIL_TRAJECTORY.OBJ
C:\USERS\ROBERT\DESKTOP\LABCODE\PHYSICALHUMAN\VS2012\OBJ\UTILITIES_DEBUG\UTIL_PRIMITIVES.OBJ
C:\USERS\ROBERT\DESKTOP\LABCODE\PHYSICALHUMAN\VS2012\OBJ\UTILITIES_DEBUG\UTIL_MODELS.OBJ
C:\USERS\ROBERT\DESKTOP\LABCODE\PHYSICALHUMAN\VS2012\OBJ\UTILITIES_DEBUG\UTIL_CURVE.OBJ
C:\USERS\ROBERT\DESKTOP\LABCODE\PHYSICALHUMAN\VS2012\OBJ\UTILITIES_DEBUG\UTIL_SERIALIZABLE_EDITOR_FLUID.OBJ
C:\USERS\ROBERT\DESKTOP\LABCODE\PHYSICALHUMAN\VS2012\OBJ\UTILITIES_DEBUG\VC110.PDB
C:\USERS\ROBERT\DESKTOP\LABCODE\PHYSICALHUMAN\VS2012\OBJ\UTILITIES_DEBUG\UTILITIES-DBG.LIB
C:\Users\Robert\Desktop\labcode\physicalhuman\vs2012\obj\Utilities_Debug\m3dconnexion.obj
C:\Users\Robert\Desktop\labcode\physicalhuman\vs2012\obj\Utilities_Debug\util.obj
C:\Users\Robert\Desktop\labcode\physicalhuman\vs2012\obj\Utilities_Debug\util_channel.obj
C:\Users\Robert\Desktop\labcode\physicalhuman\vs2012\obj\Utilities_Debug\util_channel_traj.obj
C:\Users\Robert\Desktop\labcode\physicalhuman\vs2012\obj\Utilities_Debug\util_curve.obj
C:\Users\Robert\Desktop\labcode\physicalhuman\vs2012\obj\Utilities_Debug\util_file_manager.obj
C:\Users\Robert\Desktop\labcode\physicalhuman\vs2012\obj\Utilities_Debug\util_image_viewer.obj
C:\Users\Robert\Desktop\labcode\physicalhuman\vs2012\obj\Utilities_Debug\util_manipulator.obj
C:\Users\Robert\Desktop\labcode\physicalhuman\vs2012\obj\Utilities_Debug\util_models.obj
C:\Users\Robert\Desktop\labcode\physicalhuman\vs2012\obj\Utilities_Debug\util_motion.obj
C:\Users\Robert\Desktop\labcode\physicalhuman\vs2012\obj\Utilities_Debug\util_parameter.obj
C:\Users\Robert\Desktop\labcode\physicalhuman\vs2012\obj\Utilities_Debug\util_primitives.obj
C:\Users\Robert\Desktop\labcode\physicalhuman\vs2012\obj\Utilities_Debug\util_serializable.obj
C:\Users\Robert\Desktop\labcode\physicalhuman\vs2012\obj\Utilities_Debug\util_serializable_editor.obj
C:\Users\Robert\Desktop\labcode\physicalhuman\vs2012\obj\Utilities_Debug\util_serializable_editor_fluid.obj
C:\Users\Robert\Desktop\labcode\physicalhuman\vs2012\obj\Utilities_Debug\util_server.obj
C:\Users\Robert\Desktop\labcode\physicalhuman\vs2012\obj\Utilities_Debug\util_trajectory.obj
C:\Users\Robert\Desktop\labcode\physicalhuman\vs2012\obj\Utilities_Debug\cl.command.1.tlog
C:\Users\Robert\Desktop\labcode\physicalhuman\vs2012\obj\Utilities_Debug\CL.read.1.tlog
C:\Users\Robert\Desktop\labcode\physicalhuman\vs2012\obj\Utilities_Debug\CL.write.1.tlog
C:\Users\Robert\Desktop\labcode\physicalhuman\vs2012\obj\Utilities_Debug\Lib-link.read.1.tlog
C:\Users\Robert\Desktop\labcode\physicalhuman\vs2012\obj\Utilities_Debug\Lib-link.write.1.tlog
C:\Users\Robert\Desktop\labcode\physicalhuman\vs2012\obj\Utilities_Debug\lib.command.1.tlog
C:\Users\Robert\Desktop\labcode\physicalhuman\vs2012\obj\Utilities_Debug\vc110.idb
C:\Users\Robert\Desktop\labcode\physicalhuman\vs2012\obj\Utilities_Debug\vc110.pdb
C:\Users\Robert\Desktop\labcode\physicalhuman\vs2012\obj\Utilities_Debug\Utilities-dbg.lib
